<?xml version="1.0" encoding="UTF-8"?>
<testsuite xmlns:xsi="http://www.w3.org/2001/XMLSchema-instance" xsi:noNamespaceSchemaLocation="https://maven.apache.org/surefire/maven-surefire-plugin/xsd/surefire-test-report.xsd" name="com.mf.presales_shipit.SeleniumRegressionTest" time="0.016" tests="4" errors="0" skipped="0" failures="0">
  <properties>
    <property name="sun.desktop" value="windows"/>
    <property name="awt.toolkit" value="sun.awt.windows.WToolkit"/>
    <property name="file.encoding.pkg" value="sun.io"/>
    <property name="java.specification.version" value="1.8"/>
    <property name="sun.cpu.isalist" value="amd64"/>
    <property name="sun.jnu.encoding" value="Cp1252"/>
    <property name="java.class.path" value="C:\Users\berkovir\Downloads\For Eric\demo-shipit\target\test-classes;C:\Users\berkovir\Downloads\For Eric\demo-shipit\target\classes;C:\Users\berkovir\.m2\repository\junit\junit\4.12\junit-4.12.jar;C:\Users\berkovir\.m2\repository\org\hamcrest\hamcrest-core\1.3\hamcrest-core-1.3.jar;"/>
    <property name="java.vm.vendor" value="Oracle Corporation"/>
    <property name="sun.arch.data.model" value="64"/>
    <property name="user.variant" value=""/>
    <property name="java.vendor.url" value="http://java.oracle.com/"/>
    <property name="user.timezone" value="Asia/Jerusalem"/>
    <property name="java.vm.specification.version" value="1.8"/>
    <property name="os.name" value="Windows 10"/>
    <property name="user.country" value="US"/>
    <property name="sun.java.launcher" value="SUN_STANDARD"/>
    <property name="sun.boot.library.path" value="c:\Program Files\Java\jdk1.8.0_231\jre\bin"/>
    <property name="sun.java.command" value="C:\Users\berkovir\AppData\Local\Temp\surefire247765216795354409\surefirebooter5665356484894816496.jar C:\Users\berkovir\AppData\Local\Temp\surefire247765216795354409 2020-05-05T18-38-37_654-jvmRun1 surefire7182076994994266633tmp surefire_01800152744445836026tmp"/>
    <property name="surefire.test.class.path" value="C:\Users\berkovir\Downloads\For Eric\demo-shipit\target\test-classes;C:\Users\berkovir\Downloads\For Eric\demo-shipit\target\classes;C:\Users\berkovir\.m2\repository\junit\junit\4.12\junit-4.12.jar;C:\Users\berkovir\.m2\repository\org\hamcrest\hamcrest-core\1.3\hamcrest-core-1.3.jar;"/>
    <property name="sun.cpu.endian" value="little"/>
    <property name="user.home" value="C:\Users\berkovir"/>
    <property name="user.language" value="en"/>
    <property name="java.specification.vendor" value="Oracle Corporation"/>
    <property name="java.home" value="c:\Program Files\Java\jdk1.8.0_231\jre"/>
    <property name="basedir" value="C:\Users\berkovir\Downloads\For Eric\demo-shipit"/>
    <property name="file.separator" value="\"/>
    <property name="line.separator" value="&#10;"/>
    <property name="java.vm.specification.vendor" value="Oracle Corporation"/>
    <property name="java.specification.name" value="Java Platform API Specification"/>
    <property name="java.awt.graphicsenv" value="sun.awt.Win32GraphicsEnvironment"/>
    <property name="surefire.real.class.path" value="C:\Users\berkovir\AppData\Local\Temp\surefire247765216795354409\surefirebooter5665356484894816496.jar"/>
    <property name="sun.boot.class.path" value="c:\Program Files\Java\jdk1.8.0_231\jre\lib\resources.jar;c:\Program Files\Java\jdk1.8.0_231\jre\lib\rt.jar;c:\Program Files\Java\jdk1.8.0_231\jre\lib\sunrsasign.jar;c:\Program Files\Java\jdk1.8.0_231\jre\lib\jsse.jar;c:\Program Files\Java\jdk1.8.0_231\jre\lib\jce.jar;c:\Program Files\Java\jdk1.8.0_231\jre\lib\charsets.jar;c:\Program Files\Java\jdk1.8.0_231\jre\lib\jfr.jar;c:\Program Files\Java\jdk1.8.0_231\jre\classes"/>
    <property name="user.script" value=""/>
    <property name="sun.management.compiler" value="HotSpot 64-Bit Tiered Compilers"/>
    <property name="java.runtime.version" value="1.8.0_231-b11"/>
    <property name="user.name" value="berkovir"/>
    <property name="path.separator" value=";"/>
    <property name="os.version" value="10.0"/>
    <property name="java.endorsed.dirs" value="c:\Program Files\Java\jdk1.8.0_231\jre\lib\endorsed"/>
    <property name="java.runtime.name" value="Java(TM) SE Runtime Environment"/>
    <property name="file.encoding" value="Cp1252"/>
    <property name="java.vm.name" value="Java HotSpot(TM) 64-Bit Server VM"/>
    <property name="localRepository" value="C:\Users\berkovir\.m2\repository"/>
    <property name="java.vendor.url.bug" value="http://bugreport.sun.com/bugreport/"/>
    <property name="java.io.tmpdir" value="C:\Users\berkovir\AppData\Local\Temp\"/>
    <property name="java.version" value="1.8.0_231"/>
    <property name="user.dir" value="C:\Users\berkovir\Downloads\For Eric\demo-shipit"/>
    <property name="os.arch" value="amd64"/>
    <property name="java.vm.specification.name" value="Java Virtual Machine Specification"/>
    <property name="java.awt.printerjob" value="sun.awt.windows.WPrinterJob"/>
    <property name="sun.os.patch.level" value=""/>
    <property name="java.library.path" value="c:\Program Files\Java\jdk1.8.0_231\jre\bin;C:\WINDOWS\Sun\Java\bin;C:\WINDOWS\system32;C:\WINDOWS;C:\Program Files (x86)\Common Files\Oracle\Java\javapath;C:\WINDOWS\system32;C:\WINDOWS;C:\WINDOWS\System32\Wbem;C:\WINDOWS\System32\WindowsPowerShell\v1.0\;C:\WINDOWS\System32\OpenSSH\;C:\ProgramData\chocolatey\bin;C:\Program Files\TortoiseGit\bin;c:\Program Files\Java\jdk1.8.0_231\bin;c:\Tools\apache-maven-3.6.2\bin;C:\Program Files (x86)\Yarn\bin\;C:\WINDOWS\system32\config\systemprofile\AppData\Local\Yarn\bin;C:\Program Files\Microsoft SQL Server\Client SDK\ODBC\130\Tools\Binn\;C:\Program Files (x86)\Microsoft SQL Server\140\Tools\Binn\;C:\Program Files\Microsoft SQL Server\140\Tools\Binn\;C:\Program Files\Microsoft SQL Server\140\DTS\Binn\;C:\Program Files (x86)\Microsoft SQL Server\150\DTS\Binn\;C:\Program Files\dotnet\;C:\Program Files (x86)\Micro Focus\Unified Functional Testing\bin;C:\Program Files\Git\cmd;C:\Users\berkovir\AppData\Local\Taurus\Python\Scripts;C:\Program Files\nodejs\;C:\Program Files\TortoiseSVN\bin;C:\Users\berkovir\AppData\Local\Microsoft\WindowsApps;C:\Users\berkovir\AppData\Local\Yarn\bin;C:\ProgramData\chocolatey\lib\elasticsearch\tools\elasticsearch-6.6.1\bin;;C:\Atlassian\atlassian-plugin-sdk-8.0.16\bin;C:\Users\berkovir\AppData\Roaming\npm;."/>
    <property name="java.vm.info" value="mixed mode"/>
    <property name="java.vendor" value="Oracle Corporation"/>
    <property name="java.vm.version" value="25.231-b11"/>
    <property name="java.ext.dirs" value="c:\Program Files\Java\jdk1.8.0_231\jre\lib\ext;C:\WINDOWS\Sun\Java\lib\ext"/>
    <property name="sun.io.unicode.encoding" value="UnicodeLittle"/>
    <property name="java.class.version" value="52.0"/>
  </properties>
  <testcase name="testShipit1" classname="com.mf.presales_shipit.SeleniumRegressionTest" time="0.002"/>
  <testcase name="testShipit2" classname="com.mf.presales_shipit.SeleniumRegressionTest" time="0"/>
  <testcase name="testShipit3" classname="com.mf.presales_shipit.SeleniumRegressionTest" time="0"/>
  <testcase name="testShipit4" classname="com.mf.presales_shipit.SeleniumRegressionTest" time="0"/>
</testsuite>